<?xml version="1.0" encoding="UTF-8"?>
<!-- Generated by org.testng.reporters.JUnitXMLReporter -->
<testsuite ignored="0" hostname="DESKTOP-SJSFUQ5" failures="0" tests="3" name="Default test" time="25.082" errors="0" timestamp="2024-03-17T22:57:33 IST">
  <testcase classname="Demo.SeleniumFramework.Tests.StandAloneTest" name="submitOrder" time="6.396"/>
  <testcase classname="Demo.SeleniumFramework.Tests.StandAloneTest" name="submitOrder" time="5.991"/>
  <testcase classname="Demo.SeleniumFramework.Tests.StandAloneTest" name="orderHistoryTest" time="0.707"/>
</testsuite> <!-- Default test -->
