<?xml version="1.0" encoding="UTF-8"?>
<!-- Generated by org.testng.reporters.JUnitXMLReporter -->
<testsuite ignored="0" hostname="DESKTOP-SJSFUQ5" failures="0" tests="3" name="Standalone Test" time="23.472" errors="0" timestamp="2024-03-17T23:04:02 IST">
  <testcase classname="Demo.SeleniumFramework.Tests.StandAloneTest" name="submitOrder" time="6.442"/>
  <testcase classname="Demo.SeleniumFramework.Tests.StandAloneTest" name="submitOrder" time="6.394"/>
  <testcase classname="Demo.SeleniumFramework.Tests.StandAloneTest" name="orderHistoryTest" time="0.813"/>
</testsuite> <!-- Standalone Test -->
