<?xml version="1.0" encoding="UTF-8"?>
<testng-results ignored="0" total="2" passed="2" failed="0" skipped="0">
  <reporter-output>
  </reporter-output>
  <suite started-at="2024-03-17T23:09:31 IST" name="Suite" finished-at="2024-03-17T23:09:50 IST" duration-ms="19291">
    <groups>
      <group name="purchase">
        <method signature="StandAloneTest.submitOrder(java.util.HashMap)[pri:0, instance:Demo.SeleniumFramework.Tests.StandAloneTest@75d3a5e0]" name="submitOrder" class="Demo.SeleniumFramework.Tests.StandAloneTest"/>
      </group> <!-- purchase -->
    </groups>
    <test started-at="2024-03-17T23:09:31 IST" name=" Errorvalidation Test" finished-at="2024-03-17T23:09:50 IST" duration-ms="19291">
      <class name="Demo.SeleniumFramework.Tests.StandAloneTest">
        <test-method is-config="true" signature="lunchApplication()[pri:0, instance:Demo.SeleniumFramework.Tests.StandAloneTest@75d3a5e0]" started-at="2024-03-17T23:09:31 IST" name="lunchApplication" finished-at="2024-03-17T23:09:36 IST" duration-ms="4871" status="PASS">
          <reporter-output>
          </reporter-output>
        </test-method> <!-- lunchApplication -->
        <test-method signature="submitOrder(java.util.HashMap)[pri:0, instance:Demo.SeleniumFramework.Tests.StandAloneTest@75d3a5e0]" started-at="2024-03-17T23:09:36 IST" name="submitOrder" data-provider="getData" finished-at="2024-03-17T23:09:42 IST" duration-ms="6237" status="PASS">
          <params>
            <param index="0">
              <value>
                <![CDATA[{password=Sai@123456, product=ZARA COAT 3, email=sai@gmai.com}]]>
              </value>
            </param>
          </params>
          <reporter-output>
          </reporter-output>
        </test-method> <!-- submitOrder -->
        <test-method is-config="true" signature="tearDown()[pri:0, instance:Demo.SeleniumFramework.Tests.StandAloneTest@75d3a5e0]" started-at="2024-03-17T23:09:42 IST" name="tearDown" finished-at="2024-03-17T23:09:42 IST" duration-ms="1" status="PASS">
          <reporter-output>
          </reporter-output>
        </test-method> <!-- tearDown -->
        <test-method is-config="true" signature="lunchApplication()[pri:0, instance:Demo.SeleniumFramework.Tests.StandAloneTest@75d3a5e0]" started-at="2024-03-17T23:09:42 IST" name="lunchApplication" finished-at="2024-03-17T23:09:44 IST" duration-ms="1842" status="PASS">
          <reporter-output>
          </reporter-output>
        </test-method> <!-- lunchApplication -->
        <test-method signature="submitOrder(java.util.HashMap)[pri:0, instance:Demo.SeleniumFramework.Tests.StandAloneTest@75d3a5e0]" started-at="2024-03-17T23:09:44 IST" name="submitOrder" data-provider="getData" finished-at="2024-03-17T23:09:50 IST" duration-ms="6082" status="PASS">
          <params>
            <param index="0">
              <value>
                <![CDATA[{password=Sai@123456, product=ZARA COAT 3, email=sai@gmai.com}]]>
              </value>
            </param>
          </params>
          <reporter-output>
          </reporter-output>
        </test-method> <!-- submitOrder -->
        <test-method is-config="true" signature="tearDown()[pri:0, instance:Demo.SeleniumFramework.Tests.StandAloneTest@75d3a5e0]" started-at="2024-03-17T23:09:50 IST" name="tearDown" finished-at="2024-03-17T23:09:50 IST" duration-ms="1" status="PASS">
          <reporter-output>
          </reporter-output>
        </test-method> <!-- tearDown -->
      </class> <!-- Demo.SeleniumFramework.Tests.StandAloneTest -->
    </test> <!--  Errorvalidation Test -->
  </suite> <!-- Suite -->
</testng-results>
